TN:
SF:database.js
FN:15,(anonymous_0)
FN:18,(anonymous_1)
FNF:2
FNH:1
FNDA:2,(anonymous_0)
FNDA:0,(anonymous_1)
DA:1,2
DA:3,2
DA:5,2
DA:13,2
DA:16,2
DA:19,0
DA:22,2
LF:7
LH:6
BRF:0
BRH:0
end_of_record
TN:
SF:src\app.js
FNF:0
FNH:0
DA:1,2
DA:3,2
DA:5,2
DA:9,2
DA:10,2
DA:11,2
DA:12,2
DA:13,2
DA:17,2
DA:19,2
DA:20,2
DA:21,2
DA:22,2
DA:24,2
LF:14
LH:14
BRF:0
BRH:0
end_of_record
TN:
SF:src\controllers\movieControllers.js
FN:3,(anonymous_0)
FN:6,(anonymous_1)
FN:9,(anonymous_2)
FN:14,(anonymous_3)
FN:19,(anonymous_4)
FN:26,(anonymous_5)
FN:34,(anonymous_6)
FN:42,(anonymous_7)
FN:45,(anonymous_8)
FN:53,(anonymous_9)
FN:62,(anonymous_10)
FN:69,(anonymous_11)
FNF:12
FNH:10
FNDA:1,(anonymous_0)
FNDA:1,(anonymous_1)
FNDA:0,(anonymous_2)
FNDA:2,(anonymous_3)
FNDA:2,(anonymous_4)
FNDA:0,(anonymous_5)
FNDA:2,(anonymous_6)
FNDA:1,(anonymous_7)
FNDA:1,(anonymous_8)
FNDA:3,(anonymous_9)
FNDA:2,(anonymous_10)
FNDA:1,(anonymous_11)
DA:1,2
DA:3,2
DA:4,1
DA:7,1
DA:10,0
DA:14,2
DA:15,2
DA:17,2
DA:20,2
DA:21,1
DA:23,1
DA:27,0
DA:34,2
DA:35,2
DA:37,2
DA:43,1
DA:46,1
DA:53,2
DA:54,3
DA:55,3
DA:57,3
DA:63,2
DA:64,1
DA:66,1
DA:70,1
DA:75,2
LF:26
LH:24
BRDA:20,0,0,1
BRDA:20,0,1,1
BRDA:63,1,0,1
BRDA:63,1,1,1
BRF:4
BRH:4
end_of_record
TN:
SF:src\controllers\userControllers.js
FN:3,(anonymous_0)
FN:6,(anonymous_1)
FN:9,(anonymous_2)
FN:14,(anonymous_3)
FN:19,(anonymous_4)
FN:26,(anonymous_5)
FN:33,(anonymous_6)
FN:41,(anonymous_7)
FN:44,(anonymous_8)
FN:52,(anonymous_9)
FN:61,(anonymous_10)
FN:68,(anonymous_11)
FNF:12
FNH:10
FNDA:1,(anonymous_0)
FNDA:1,(anonymous_1)
FNDA:0,(anonymous_2)
FNDA:2,(anonymous_3)
FNDA:2,(anonymous_4)
FNDA:0,(anonymous_5)
FNDA:2,(anonymous_6)
FNDA:1,(anonymous_7)
FNDA:1,(anonymous_8)
FNDA:3,(anonymous_9)
FNDA:2,(anonymous_10)
FNDA:1,(anonymous_11)
DA:1,2
DA:3,2
DA:4,1
DA:7,1
DA:10,0
DA:14,2
DA:15,2
DA:17,2
DA:20,2
DA:21,1
DA:23,1
DA:27,0
DA:33,2
DA:34,2
DA:36,2
DA:42,1
DA:45,1
DA:52,2
DA:53,3
DA:54,3
DA:56,3
DA:62,2
DA:63,1
DA:65,1
DA:69,1
DA:75,2
LF:26
LH:24
BRDA:20,0,0,1
BRDA:20,0,1,1
BRDA:62,1,0,1
BRDA:62,1,1,1
BRF:4
BRH:4
end_of_record
